#
# There is insufficient memory for the Java Runtime Environment to continue.
# Native memory allocation (malloc) failed to allocate 32744 bytes for ChunkPool::allocate
# Possible reasons:
#   The system is out of physical RAM or swap space
#   The process is running with CompressedOops enabled, and the Java Heap may be blocking the growth of the native heap
# Possible solutions:
#   Reduce memory load on the system
#   Increase physical memory or swap space
#   Check if swap backing store is full
#   Decrease Java heap size (-Xmx/-Xms)
#   Decrease number of Java threads
#   Decrease Java thread stack sizes (-Xss)
#   Set larger code cache with -XX:ReservedCodeCacheSize=
#   JVM is running with Unscaled Compressed Oops mode in which the Java heap is
#     placed in the first 4GB address space. The Java Heap base address is the
#     maximum limit for the native heap growth. Please use -XX:HeapBaseMinAddress
#     to set the Java Heap base and to place the Java Heap above 4GB virtual address.
# This output file may be truncated or incomplete.
#
#  Out of Memory Error (allocation.cpp:272), pid=654104, tid=0x000000000009fbdc
#
# JRE version: Java(TM) SE Runtime Environment (8.0_251-b08) (build 1.8.0_251-b08)
# Java VM: Java HotSpot(TM) 64-Bit Server VM (25.251-b08 mixed mode windows-amd64 compressed oops)
# Failed to write core dump. Minidumps are not enabled by default on client versions of Windows
#

---------------  T H R E A D  ---------------

Current thread (0x0000000017a6f800):  JavaThread "C2 CompilerThread1" daemon [_thread_in_native, id=654300, stack(0x0000000018470000,0x0000000018570000)]

Stack: [0x0000000018470000,0x0000000018570000]
[error occurred during error reporting (printing stack bounds), id 0xc0000005]

Native frames: (J=compiled Java code, j=interpreted, Vv=VM code, C=native code)


Current CompileTask:
C2:  58203 6579       4       org.gradle.api.internal.artifacts.ivyservice.modulecache.ModuleMetadataSerializer$Reader::readMavenDependency (63 bytes)


---------------  P R O C E S S  ---------------

Java Threads: ( => current thread )
  0x000000001d855000 JavaThread "Cache worker for Artifact transforms cache (C:\Users\lara_\.gradle\caches\transforms-1)" [_thread_blocked, id=598568, stack(0x000000001f8f0000,0x000000001f9f0000)]
  0x000000001d859000 JavaThread "Cache worker for file hash cache (C:\Users\lara_\OneDrive\Documentos\Projets_OpenClassrooms\Projet8_new\TourGuide\.gradle\4.8.1\fileHashes)" [_thread_blocked, id=621816, stack(0x000000001e3d0000,0x000000001e4d0000)]
  0x000000001d854800 JavaThread "Stdin handler" [_thread_blocked, id=545472, stack(0x000000001dec0000,0x000000001dfc0000)]
  0x000000001d852000 JavaThread "Asynchronous log dispatcher for DefaultDaemonConnection: socket connection from /127.0.0.1:51560 to /127.0.0.1:51601" [_thread_blocked, id=7940, stack(0x000000001c6d0000,0x000000001c7d0000)]
  0x000000001d851800 JavaThread "Cancel handler" [_thread_blocked, id=599572, stack(0x000000001b300000,0x000000001b400000)]
  0x000000001d858000 JavaThread "Handler for socket connection from /127.0.0.1:51560 to /127.0.0.1:51601" [_thread_in_native, id=551740, stack(0x000000001b200000,0x000000001b300000)]
  0x000000001d853000 JavaThread "Memory manager" [_thread_blocked, id=8148, stack(0x0000000021490000,0x0000000021590000)]
  0x0000000018e0d000 JavaThread "File lock request listener" [_thread_in_native, id=641724, stack(0x000000001c7f0000,0x000000001c8f0000)]
  0x0000000018e08000 JavaThread "Cache worker for file hash cache (C:\Users\lara_\.gradle\caches\4.8.1\fileHashes)" [_thread_blocked, id=590908, stack(0x000000001c5d0000,0x000000001c6d0000)]
  0x0000000018e2a800 JavaThread "Daemon worker" [_thread_in_native, id=636576, stack(0x000000001b000000,0x000000001b100000)]
  0x0000000018b21000 JavaThread "Daemon" [_thread_blocked, id=654328, stack(0x000000001ab00000,0x000000001ac00000)]
  0x0000000018d1e800 JavaThread "Daemon periodic checks" [_thread_blocked, id=22196, stack(0x000000001aa00000,0x000000001ab00000)]
  0x0000000017ba5000 JavaThread "Incoming local TCP Connector on port 51560" [_thread_in_native, id=599104, stack(0x000000001a780000,0x000000001a880000)]
  0x0000000019835000 JavaThread "Daemon health stats" [_thread_blocked, id=654232, stack(0x000000001a140000,0x000000001a240000)]
  0x0000000017b11000 JavaThread "Service Thread" daemon [_thread_blocked, id=11044, stack(0x0000000018770000,0x0000000018870000)]
  0x0000000017a9c800 JavaThread "C1 CompilerThread3" daemon [_thread_in_vm, id=654296, stack(0x0000000018670000,0x0000000018770000)]
  0x0000000017a79000 JavaThread "C2 CompilerThread2" daemon [_thread_in_native, id=9572, stack(0x0000000018570000,0x0000000018670000)]
=>0x0000000017a6f800 JavaThread "C2 CompilerThread1" daemon [_thread_in_native, id=654300, stack(0x0000000018470000,0x0000000018570000)]
  0x0000000017a6d800 JavaThread "C2 CompilerThread0" daemon [_thread_in_native, id=551092, stack(0x0000000018370000,0x0000000018470000)]
  0x0000000017a69800 JavaThread "Attach Listener" daemon [_thread_blocked, id=592724, stack(0x0000000018270000,0x0000000018370000)]
  0x0000000017a68800 JavaThread "Signal Dispatcher" daemon [_thread_blocked, id=654188, stack(0x0000000018170000,0x0000000018270000)]
  0x0000000015c73800 JavaThread "Finalizer" daemon [_thread_blocked, id=8892, stack(0x0000000017f40000,0x0000000018040000)]
  0x0000000015c6c800 JavaThread "Reference Handler" daemon [_thread_blocked, id=8884, stack(0x0000000017e40000,0x0000000017f40000)]
  0x000000000314e800 JavaThread "main" [_thread_blocked, id=654204, stack(0x0000000002e50000,0x0000000002f50000)]

Other Threads:
  0x0000000015c69000 VMThread [stack: 0x0000000017940000,0x0000000017a40000] [id=622104]
  0x0000000017b13000 WatcherThread [stack: 0x0000000018870000,0x0000000018970000] [id=654284]

VM state:not at safepoint (normal execution)

VM Mutex/Monitor currently owned by a thread: None

heap address: 0x00000000c0000000, size: 1024 MB, Compressed Oops mode: 32-bit
Narrow klass base: 0x0000000000000000, Narrow klass shift: 3
Compressed class space size: 1073741824 Address: 0x0000000100000000

Heap:
 PSYoungGen      total 90112K, used 70810K [0x00000000eab00000, 0x00000000f1080000, 0x0000000100000000)
  eden space 79872K, 79% used [0x00000000eab00000,0x00000000ee8f5718,0x00000000ef900000)
  from space 10240K, 71% used [0x00000000f0480000,0x00000000f0bb1138,0x00000000f0e80000)
  to   space 11776K, 0% used [0x00000000ef900000,0x00000000ef900000,0x00000000f0480000)
 ParOldGen       total 90624K, used 26655K [0x00000000c0000000, 0x00000000c5880000, 0x00000000eab00000)
  object space 90624K, 29% used [0x00000000c0000000,0x00000000c1a07e20,0x00000000c5880000)
 Metaspace       used 48081K, capacity 48902K, committed 49024K, reserved 1091584K
  class space    used 6650K, capacity 6954K, committed 7040K, reserved 1048576K

Card table byte_map: [0x0000000012510000,0x0000000012720000] byte_map_base: 0x0000000011f10000

Marking Bits: (ParMarkBitMap*) 0x0000000071bdaf90
 Begin Bits: [0x0000000013080000, 0x0000000014080000)
 End Bits:   [0x0000000014080000, 0x0000000015080000)

Polling page: 0x0000000001660000

CodeCache: size=245760Kb used=20874Kb max_used=21200Kb free=224885Kb
 bounds [0x0000000003150000, 0x0000000004620000, 0x0000000012150000]
 total_blobs=6735 nmethods=5986 adapters=661
 compilation: enabled

Compilation events (10 events):
Event: 58.094 Thread 0x0000000017a79000 6576       4       org.gradle.cache.internal.btree.BlockPointer::pos (56 bytes)
Event: 58.096 Thread 0x0000000017a79000 nmethod 6576 0x00000000039aefd0 code [0x00000000039af120, 0x00000000039af218]
Event: 58.135 Thread 0x0000000017a6d800 6577       4       org.gradle.api.internal.artifacts.ivyservice.resolveengine.result.AttributeContainerSerializer::read (121 bytes)
Event: 58.141 Thread 0x0000000017a9c800 6578       3       java.util.concurrent.ConcurrentHashMap::resizeStamp (13 bytes)
Event: 58.141 Thread 0x0000000017a9c800 nmethod 6578 0x00000000039b5490 code [0x00000000039b5600, 0x00000000039b5788]
Event: 58.155 Thread 0x0000000017a6f800 6579       4       org.gradle.api.internal.artifacts.ivyservice.modulecache.ModuleMetadataSerializer$Reader::readMavenDependency (63 bytes)
Event: 58.155 Thread 0x0000000017a79000 6580       4       org.gradle.api.internal.artifacts.ModuleComponentSelectorSerializer::read (38 bytes)
Event: 58.181 Thread 0x0000000017a9c800 6582       1       org.gradle.internal.component.model.LocalComponentDependencyMetadata::isChanging (5 bytes)
Event: 58.184 Thread 0x0000000017a9c800 nmethod 6582 0x00000000039aecd0 code [0x00000000039aee20, 0x00000000039aef30]
Event: 58.190 Thread 0x0000000017a9c800 6583       1       org.gradle.internal.component.external.model.DefaultConfigurationMetadata::isCanBeConsumed (2 bytes)

GC Heap History (10 events):
Event: 14.516 GC heap before
{Heap before GC invocations=12 (full 2):
 PSYoungGen      total 73728K, used 6447K [0x00000000eab00000, 0x00000000efe00000, 0x0000000100000000)
  eden space 62976K, 0% used [0x00000000eab00000,0x00000000eab00000,0x00000000ee880000)
  from space 10752K, 59% used [0x00000000ef280000,0x00000000ef8cbc38,0x00000000efd00000)
  to   space 10240K, 0% used [0x00000000ee880000,0x00000000ee880000,0x00000000ef280000)
 ParOldGen       total 59392K, used 13251K [0x00000000c0000000, 0x00000000c3a00000, 0x00000000eab00000)
  object space 59392K, 22% used [0x00000000c0000000,0x00000000c0cf0d08,0x00000000c3a00000)
 Metaspace       used 34814K, capacity 35310K, committed 35496K, reserved 1079296K
  class space    used 4950K, capacity 5090K, committed 5120K, reserved 1048576K
Event: 14.595 GC heap after
Heap after GC invocations=12 (full 2):
 PSYoungGen      total 73728K, used 0K [0x00000000eab00000, 0x00000000efe00000, 0x0000000100000000)
  eden space 62976K, 0% used [0x00000000eab00000,0x00000000eab00000,0x00000000ee880000)
  from space 10752K, 0% used [0x00000000ef280000,0x00000000ef280000,0x00000000efd00000)
  to   space 10240K, 0% used [0x00000000ee880000,0x00000000ee880000,0x00000000ef280000)
 ParOldGen       total 90624K, used 16633K [0x00000000c0000000, 0x00000000c5880000, 0x00000000eab00000)
  object space 90624K, 18% used [0x00000000c0000000,0x00000000c103e510,0x00000000c5880000)
 Metaspace       used 34783K, capacity 35190K, committed 35496K, reserved 1079296K
  class space    used 4941K, capacity 5050K, committed 5120K, reserved 1048576K
}
Event: 15.129 GC heap before
{Heap before GC invocations=13 (full 2):
 PSYoungGen      total 73728K, used 62976K [0x00000000eab00000, 0x00000000efe00000, 0x0000000100000000)
  eden space 62976K, 100% used [0x00000000eab00000,0x00000000ee880000,0x00000000ee880000)
  from space 10752K, 0% used [0x00000000ef280000,0x00000000ef280000,0x00000000efd00000)
  to   space 10240K, 0% used [0x00000000ee880000,0x00000000ee880000,0x00000000ef280000)
 ParOldGen       total 90624K, used 16633K [0x00000000c0000000, 0x00000000c5880000, 0x00000000eab00000)
  object space 90624K, 18% used [0x00000000c0000000,0x00000000c103e510,0x00000000c5880000)
 Metaspace       used 36709K, capacity 37318K, committed 37504K, reserved 1081344K
  class space    used 5269K, capacity 5447K, committed 5504K, reserved 1048576K
Event: 15.138 GC heap after
Heap after GC invocations=13 (full 2):
 PSYoungGen      total 73216K, used 4949K [0x00000000eab00000, 0x00000000f0e80000, 0x0000000100000000)
  eden space 62976K, 0% used [0x00000000eab00000,0x00000000eab00000,0x00000000ee880000)
  from space 10240K, 48% used [0x00000000ee880000,0x00000000eed55758,0x00000000ef280000)
  to   space 10240K, 0% used [0x00000000f0480000,0x00000000f0480000,0x00000000f0e80000)
 ParOldGen       total 90624K, used 16641K [0x00000000c0000000, 0x00000000c5880000, 0x00000000eab00000)
  object space 90624K, 18% used [0x00000000c0000000,0x00000000c1040510,0x00000000c5880000)
 Metaspace       used 36709K, capacity 37318K, committed 37504K, reserved 1081344K
  class space    used 5269K, capacity 5447K, committed 5504K, reserved 1048576K
}
Event: 16.763 GC heap before
{Heap before GC invocations=14 (full 2):
 PSYoungGen      total 73216K, used 67925K [0x00000000eab00000, 0x00000000f0e80000, 0x0000000100000000)
  eden space 62976K, 100% used [0x00000000eab00000,0x00000000ee880000,0x00000000ee880000)
  from space 10240K, 48% used [0x00000000ee880000,0x00000000eed55758,0x00000000ef280000)
  to   space 10240K, 0% used [0x00000000f0480000,0x00000000f0480000,0x00000000f0e80000)
 ParOldGen       total 90624K, used 16641K [0x00000000c0000000, 0x00000000c5880000, 0x00000000eab00000)
  object space 90624K, 18% used [0x00000000c0000000,0x00000000c1040510,0x00000000c5880000)
 Metaspace       used 40567K, capacity 41316K, committed 41600K, reserved 1085440K
  class space    used 5797K, capacity 5999K, committed 6016K, reserved 1048576K
Event: 16.775 GC heap after
Heap after GC invocations=14 (full 2):
 PSYoungGen      total 90112K, used 10221K [0x00000000eab00000, 0x00000000f1080000, 0x0000000100000000)
  eden space 79872K, 0% used [0x00000000eab00000,0x00000000eab00000,0x00000000ef900000)
  from space 10240K, 99% used [0x00000000f0480000,0x00000000f0e7b4e8,0x00000000f0e80000)
  to   space 11776K, 0% used [0x00000000ef900000,0x00000000ef900000,0x00000000f0480000)
 ParOldGen       total 90624K, used 17800K [0x00000000c0000000, 0x00000000c5880000, 0x00000000eab00000)
  object space 90624K, 19% used [0x00000000c0000000,0x00000000c1162150,0x00000000c5880000)
 Metaspace       used 40567K, capacity 41316K, committed 41600K, reserved 1085440K
  class space    used 5797K, capacity 5999K, committed 6016K, reserved 1048576K
}
Event: 17.977 GC heap before
{Heap before GC invocations=15 (full 2):
 PSYoungGen      total 90112K, used 90093K [0x00000000eab00000, 0x00000000f1080000, 0x0000000100000000)
  eden space 79872K, 100% used [0x00000000eab00000,0x00000000ef900000,0x00000000ef900000)
  from space 10240K, 99% used [0x00000000f0480000,0x00000000f0e7b4e8,0x00000000f0e80000)
  to   space 11776K, 0% used [0x00000000ef900000,0x00000000ef900000,0x00000000f0480000)
 ParOldGen       total 90624K, used 17800K [0x00000000c0000000, 0x00000000c5880000, 0x00000000eab00000)
  object space 90624K, 19% used [0x00000000c0000000,0x00000000c1162150,0x00000000c5880000)
 Metaspace       used 41076K, capacity 41820K, committed 41984K, reserved 1085440K
  class space    used 5833K, capacity 6035K, committed 6144K, reserved 1048576K
Event: 17.988 GC heap after
Heap after GC invocations=15 (full 2):
 PSYoungGen      total 91648K, used 3730K [0x00000000eab00000, 0x00000000f1080000, 0x0000000100000000)
  eden space 79872K, 0% used [0x00000000eab00000,0x00000000eab00000,0x00000000ef900000)
  from space 11776K, 31% used [0x00000000ef900000,0x00000000efca4a70,0x00000000f0480000)
  to   space 10240K, 0% used [0x00000000f0480000,0x00000000f0480000,0x00000000f0e80000)
 ParOldGen       total 90624K, used 26647K [0x00000000c0000000, 0x00000000c5880000, 0x00000000eab00000)
  object space 90624K, 29% used [0x00000000c0000000,0x00000000c1a05e20,0x00000000c5880000)
 Metaspace       used 41076K, capacity 41820K, committed 41984K, reserved 1085440K
  class space    used 5833K, capacity 6035K, committed 6144K, reserved 1048576K
}
Event: 19.944 GC heap before
{Heap before GC invocations=16 (full 2):
 PSYoungGen      total 91648K, used 83602K [0x00000000eab00000, 0x00000000f1080000, 0x0000000100000000)
  eden space 79872K, 100% used [0x00000000eab00000,0x00000000ef900000,0x00000000ef900000)
  from space 11776K, 31% used [0x00000000ef900000,0x00000000efca4a70,0x00000000f0480000)
  to   space 10240K, 0% used [0x00000000f0480000,0x00000000f0480000,0x00000000f0e80000)
 ParOldGen       total 90624K, used 26647K [0x00000000c0000000, 0x00000000c5880000, 0x00000000eab00000)
  object space 90624K, 29% used [0x00000000c0000000,0x00000000c1a05e20,0x00000000c5880000)
 Metaspace       used 45535K, capacity 46400K, committed 46720K, reserved 1089536K
  class space    used 6405K, capacity 6665K, committed 6784K, reserved 1048576K
Event: 19.950 GC heap after
Heap after GC invocations=16 (full 2):
 PSYoungGen      total 90112K, used 7364K [0x00000000eab00000, 0x00000000f1080000, 0x0000000100000000)
  eden space 79872K, 0% used [0x00000000eab00000,0x00000000eab00000,0x00000000ef900000)
  from space 10240K, 71% used [0x00000000f0480000,0x00000000f0bb1138,0x00000000f0e80000)
  to   space 11776K, 0% used [0x00000000ef900000,0x00000000ef900000,0x00000000f0480000)
 ParOldGen       total 90624K, used 26655K [0x00000000c0000000, 0x00000000c5880000, 0x00000000eab00000)
  object space 90624K, 29% used [0x00000000c0000000,0x00000000c1a07e20,0x00000000c5880000)
 Metaspace       used 45535K, capacity 46400K, committed 46720K, reserved 1089536K
  class space    used 6405K, capacity 6665K, committed 6784K, reserved 1048576K
}

Deoptimization events (10 events):
Event: 21.039 Thread 0x000000001d852000 Uncommon trap: reason=unstable_if action=reinterpret pc=0x0000000003f87e2c method=java.util.HashMap$HashIterator.<init>(Ljava/util/HashMap;)V @ 45
Event: 21.351 Thread 0x000000001d85e000 Uncommon trap: reason=unstable_if action=reinterpret pc=0x0000000003592604 method=org.gradle.internal.logging.text.AbstractLineChoppingStyledTextOutput$2.execute(Lorg/gradle/internal/logging/text/AbstractLineChoppingStyledTextOutput$StateContext;)V @ 30
Event: 21.353 Thread 0x000000001d85e000 Uncommon trap: reason=unstable_if action=reinterpret pc=0x000000000355aecc method=org.gradle.internal.logging.text.AbstractLineChoppingStyledTextOutput$2.execute(Lorg/gradle/internal/logging/text/AbstractLineChoppingStyledTextOutput$StateContext;)V @ 30
Event: 21.359 Thread 0x000000001d852000 Uncommon trap: reason=class_check action=maybe_recompile pc=0x0000000003af0500 method=java.lang.Throwable.<init>(Ljava/lang/String;Ljava/lang/Throwable;)V @ 24
Event: 21.412 Thread 0x000000001d857800 Uncommon trap: reason=class_check action=maybe_recompile pc=0x00000000042c7034 method=java.util.concurrent.locks.ReentrantLock.lock()V @ 4
Event: 21.417 Thread 0x000000001d856000 Uncommon trap: reason=class_check action=maybe_recompile pc=0x00000000042c7034 method=java.util.concurrent.locks.ReentrantLock.lock()V @ 4
Event: 21.419 Thread 0x000000001d851800 Uncommon trap: reason=class_check action=maybe_recompile pc=0x00000000042c7034 method=java.util.concurrent.locks.ReentrantLock.lock()V @ 4
Event: 21.435 Thread 0x0000000018e0e000 Uncommon trap: reason=class_check action=maybe_recompile pc=0x00000000042c7034 method=java.util.concurrent.locks.ReentrantLock.lock()V @ 4
Event: 21.924 Thread 0x0000000018b22800 Uncommon trap: reason=unloaded action=reinterpret pc=0x00000000032af500 method=com.esotericsoftware.kryo.io.Input.require(I)I @ 128
Event: 21.928 Thread 0x0000000018b21000 Uncommon trap: reason=unstable_if action=reinterpret pc=0x0000000003ee030c method=java.util.HashMap$HashIterator.<init>(Ljava/util/HashMap;)V @ 45

Classes redefined (0 events):
No events

Internal exceptions (10 events):
Event: 21.359 Thread 0x000000001d852000 Exception <a 'java/lang/reflect/InvocationTargetException'> (0x00000000edf761f8) thrown at [C:\jenkins\workspace\8-2-build-windows-amd64-cygwin\jdk8u251\737\hotspot\src\share\vm\runtime\reflection.cpp, line 1092]
Event: 21.366 Thread 0x000000001d852000 Exception <a 'java/lang/NoSuchMethodError': <clinit>> (0x00000000edfdcea0) thrown at [C:\jenkins\workspace\8-2-build-windows-amd64-cygwin\jdk8u251\737\hotspot\src\share\vm\prims\jni.cpp, line 1614]
Event: 21.369 Thread 0x000000001d852000 Exception <a 'java/lang/NoSuchMethodError': <clinit>> (0x00000000edfef3f0) thrown at [C:\jenkins\workspace\8-2-build-windows-amd64-cygwin\jdk8u251\737\hotspot\src\share\vm\prims\jni.cpp, line 1614]
Event: 21.500 Thread 0x0000000018b21000 Exception <a 'java/lang/NoSuchMethodError': <clinit>> (0x00000000ee410f88) thrown at [C:\jenkins\workspace\8-2-build-windows-amd64-cygwin\jdk8u251\737\hotspot\src\share\vm\prims\jni.cpp, line 1614]
Event: 21.504 Thread 0x0000000018b21000 Exception <a 'java/lang/NoSuchMethodError': <clinit>> (0x00000000ee42f0c0) thrown at [C:\jenkins\workspace\8-2-build-windows-amd64-cygwin\jdk8u251\737\hotspot\src\share\vm\prims\jni.cpp, line 1614]
Event: 21.510 Thread 0x0000000018b21000 Exception <a 'java/lang/NoSuchMethodError': <clinit>> (0x00000000ee452030) thrown at [C:\jenkins\workspace\8-2-build-windows-amd64-cygwin\jdk8u251\737\hotspot\src\share\vm\prims\jni.cpp, line 1614]
Event: 21.510 Thread 0x0000000018b21000 Exception <a 'java/lang/NoSuchMethodError': <clinit>> (0x00000000ee457c20) thrown at [C:\jenkins\workspace\8-2-build-windows-amd64-cygwin\jdk8u251\737\hotspot\src\share\vm\prims\jni.cpp, line 1614]
Event: 21.513 Thread 0x0000000018b21000 Exception <a 'java/lang/NoSuchMethodError': <clinit>> (0x00000000ee46ba38) thrown at [C:\jenkins\workspace\8-2-build-windows-amd64-cygwin\jdk8u251\737\hotspot\src\share\vm\prims\jni.cpp, line 1614]
Event: 21.520 Thread 0x0000000018b21000 Exception <a 'java/lang/NoSuchMethodError': <clinit>> (0x00000000ee497548) thrown at [C:\jenkins\workspace\8-2-build-windows-amd64-cygwin\jdk8u251\737\hotspot\src\share\vm\prims\jni.cpp, line 1614]
Event: 21.523 Thread 0x0000000018b21000 Exception <a 'java/lang/NoSuchMethodError': <clinit>> (0x00000000ee4add20) thrown at [C:\jenkins\workspace\8-2-build-windows-amd64-cygwin\jdk8u251\737\hotspot\src\share\vm\prims\jni.cpp, line 1614]

Events (10 events):
Event: 21.928 Thread 0x0000000018b21000 DEOPT PACKING pc=0x0000000003ee030c sp=0x000000001abfe780
Event: 21.928 Thread 0x0000000018b21000 DEOPT UNPACKING pc=0x000000000319583b sp=0x000000001abfe720 mode 2
Event: 56.166 Thread 0x000000001d858000 Thread added: 0x000000001d858000
Event: 56.210 Executing VM operation: RevokeBias
Event: 56.240 Executing VM operation: RevokeBias done
Event: 56.434 Thread 0x000000001d851800 Thread added: 0x000000001d851800
Event: 56.568 Thread 0x000000001d852000 Thread added: 0x000000001d852000
Event: 56.609 Thread 0x000000001d854800 Thread added: 0x000000001d854800
Event: 57.088 Thread 0x000000001d859000 Thread added: 0x000000001d859000
Event: 57.873 Thread 0x000000001d855000 Thread added: 0x000000001d855000


Dynamic libraries:
0x00007ff6d79f0000 - 0x00007ff6d7a27000 	C:\Program Files\Java\jdk1.8.0_251\bin\java.exe
0x00007fff7d040000 - 0x00007fff7d249000 	C:\WINDOWS\SYSTEM32\ntdll.dll
0x00007fff7c250000 - 0x00007fff7c30e000 	C:\WINDOWS\System32\KERNEL32.DLL
0x00007fff7a510000 - 0x00007fff7a88b000 	C:\WINDOWS\System32\KERNELBASE.dll
0x00007fff7c4e0000 - 0x00007fff7c58e000 	C:\WINDOWS\System32\ADVAPI32.dll
0x00007fff7c980000 - 0x00007fff7ca23000 	C:\WINDOWS\System32\msvcrt.dll
0x00007fff7c810000 - 0x00007fff7c8ae000 	C:\WINDOWS\System32\sechost.dll
0x00007fff7cee0000 - 0x00007fff7d000000 	C:\WINDOWS\System32\RPCRT4.dll
0x00007fff7b4f0000 - 0x00007fff7b69d000 	C:\WINDOWS\System32\USER32.dll
0x00007fff7aac0000 - 0x00007fff7aae6000 	C:\WINDOWS\System32\win32u.dll
0x00007fff7ca30000 - 0x00007fff7ca59000 	C:\WINDOWS\System32\GDI32.dll
0x00007fff7a900000 - 0x00007fff7aa18000 	C:\WINDOWS\System32\gdi32full.dll
0x00007fff7aa20000 - 0x00007fff7aabd000 	C:\WINDOWS\System32\msvcp_win.dll
0x00007fff7ada0000 - 0x00007fff7aeb1000 	C:\WINDOWS\System32\ucrtbase.dll
0x00007fff5e960000 - 0x00007fff5ec05000 	C:\WINDOWS\WinSxS\amd64_microsoft.windows.common-controls_6595b64144ccf1df_6.0.22000.120_none_9d947278b86cc467\COMCTL32.dll
0x00007fff7c490000 - 0x00007fff7c4c2000 	C:\WINDOWS\System32\IMM32.DLL
0x0000000071c60000 - 0x0000000071d32000 	C:\Program Files\Java\jdk1.8.0_251\jre\bin\msvcr100.dll
0x00000000713b0000 - 0x0000000071c5b000 	C:\Program Files\Java\jdk1.8.0_251\jre\bin\server\jvm.dll
0x00007fff7c4d0000 - 0x00007fff7c4d8000 	C:\WINDOWS\System32\PSAPI.DLL
0x00007fff751c0000 - 0x00007fff751f3000 	C:\WINDOWS\SYSTEM32\WINMM.dll
0x00007fff6ed10000 - 0x00007fff6ed19000 	C:\WINDOWS\SYSTEM32\WSOCK32.dll
0x00007fff7af40000 - 0x00007fff7afaf000 	C:\WINDOWS\System32\WS2_32.dll
0x00007fff74040000 - 0x00007fff7404a000 	C:\WINDOWS\SYSTEM32\VERSION.dll
0x00007fff33ad0000 - 0x00007fff33adf000 	C:\Program Files\Java\jdk1.8.0_251\jre\bin\verify.dll
0x00007ffeb7440000 - 0x00007ffeb7469000 	C:\Program Files\Java\jdk1.8.0_251\jre\bin\java.dll
0x00007ffed36f0000 - 0x00007ffed3706000 	C:\Program Files\Java\jdk1.8.0_251\jre\bin\zip.dll
0x00007fff7b880000 - 0x00007fff7c037000 	C:\WINDOWS\System32\SHELL32.dll
0x00007fff78600000 - 0x00007fff78e65000 	C:\WINDOWS\SYSTEM32\windows.storage.dll
0x00007fff7b170000 - 0x00007fff7b4e8000 	C:\WINDOWS\System32\combase.dll
0x00007fff78490000 - 0x00007fff785f6000 	C:\WINDOWS\SYSTEM32\wintypes.dll
0x00007fff7b6a0000 - 0x00007fff7b78a000 	C:\WINDOWS\System32\SHCORE.dll
0x00007fff7c430000 - 0x00007fff7c48d000 	C:\WINDOWS\System32\shlwapi.dll
0x00007fff7a440000 - 0x00007fff7a461000 	C:\WINDOWS\SYSTEM32\profapi.dll
0x00007ffeb7420000 - 0x00007ffeb743a000 	C:\Program Files\Java\jdk1.8.0_251\jre\bin\net.dll
0x00007fff79aa0000 - 0x00007fff79b07000 	C:\WINDOWS\system32\mswsock.dll
0x00007ffeb7400000 - 0x00007ffeb7412000 	C:\Program Files\Java\jdk1.8.0_251\jre\bin\nio.dll
0x00007fff541e0000 - 0x00007fff541fe000 	C:\Users\lara_\.gradle\native\25\windows-amd64\native-platform.dll
0x00007fff697e0000 - 0x00007fff697ed000 	C:\Program Files\Java\jdk1.8.0_251\jre\bin\management.dll
0x00007fff79ce0000 - 0x00007fff79cf8000 	C:\WINDOWS\SYSTEM32\CRYPTSP.dll
0x00007fff79560000 - 0x00007fff79595000 	C:\WINDOWS\system32\rsaenh.dll
0x00007fff79b90000 - 0x00007fff79bb9000 	C:\WINDOWS\SYSTEM32\USERENV.dll
0x00007fff79ef0000 - 0x00007fff79f17000 	C:\WINDOWS\SYSTEM32\bcrypt.dll
0x00007fff7ad20000 - 0x00007fff7ad9f000 	C:\WINDOWS\System32\bcryptprimitives.dll
0x00007fff79d10000 - 0x00007fff79d1c000 	C:\WINDOWS\SYSTEM32\CRYPTBASE.dll
0x00007fff79100000 - 0x00007fff7912d000 	C:\WINDOWS\SYSTEM32\IPHLPAPI.DLL
0x00007fff7c6e0000 - 0x00007fff7c6e9000 	C:\WINDOWS\System32\NSI.dll
0x00007fff74fa0000 - 0x00007fff74fb9000 	C:\WINDOWS\SYSTEM32\dhcpcsvc6.DLL
0x00007fff75450000 - 0x00007fff7546e000 	C:\WINDOWS\SYSTEM32\dhcpcsvc.DLL
0x00007fff79130000 - 0x00007fff79218000 	C:\WINDOWS\SYSTEM32\DNSAPI.dll

VM Arguments:
jvm_args: -XX:+HeapDumpOnOutOfMemoryError -Xmx1024m -Dfile.encoding=windows-1252 -Duser.country=FR -Duser.language=fr -Duser.variant 
java_command: org.gradle.launcher.daemon.bootstrap.GradleDaemon 4.8.1
java_class_path (initial): C:\Users\lara_\.gradle\wrapper\dists\gradle-4.8.1-bin\e8p42vx1m7a3mz9ydmjagn6wn\gradle-4.8.1\lib\gradle-launcher-4.8.1.jar
Launcher Type: SUN_STANDARD

Environment Variables:
JAVA_HOME=C:\Program Files\Java\jdk1.8.0_251\
PATH=C:\Program Files\OpenJDK11\bin;C:\Program Files\Common Files\Oracle\Java\javapath;C:\Program Files (x86)\Common Files\Oracle\Java\javapath;C:\WINDOWS\system32;C:\WINDOWS;C:\WINDOWS\System32\Wbem;C:\WINDOWS\System32\WindowsPowerShell\v1.0\;C:\WINDOWS\System32\OpenSSH\;C:\apache-maven-3.8.3-bin\apache-maven-3.8.3\bin;C:\Program Files\Java\jdk1.8.0_251;C:\apache-maven-3.8.3-bin\apache-maven-3.8.3;C:\Gradle\gradle-7.4.2\bin;C:\Program Files\Docker\Docker\resources\bin;C:\Program Files\Git\cmd;C:\Program Files\MySQL\MySQL Shell 8.0\bin\;C:\Users\lara_\AppData\Local\Microsoft\WindowsApps;C:\apache-maven-3.8.3-bin\apache-maven-3.8.3\bin;;C:\Program Files\JetBrains\IntelliJ IDEA Community Edition 2022.3.1\bin;
USERNAME=lara_
OS=Windows_NT
PROCESSOR_IDENTIFIER=AMD64 Family 23 Model 96 Stepping 1, AuthenticAMD



---------------  S Y S T E M  ---------------

OS: Windows 10.0 , 64 bit Build 22000 (10.0.22000.1335)

CPU:total 8 (initial active 8) (8 cores per cpu, 1 threads per core) family 23 model 96 stepping 1, cmov, cx8, fxsr, mmx, sse, sse2, sse3, ssse3, sse4.1, sse4.2, popcnt, avx, avx2, aes, clmul, mmxext, 3dnowpref, lzcnt, sse4a, tsc, tscinvbit, tscinv, bmi1

Memory: 4k page, physical 7722212k(59196k free), swap 31839460k(8k free)

vm_info: Java HotSpot(TM) 64-Bit Server VM (25.251-b08) for windows-amd64 JRE (1.8.0_251-b08), built on Mar 12 2020 06:31:49 by "" with MS VC++ 10.0 (VS2010)

time: Mon Jan 23 14:49:14 2023
timezone: Paris, Madrid
elapsed time: 58 seconds (0d 0h 0m 58s)

