#
# A fatal error has been detected by the Java Runtime Environment:
#
#  EXCEPTION_ACCESS_VIOLATION (0xc0000005) at pc=0x0000000065225127, pid=406724, tid=0x000000000001dc68
#
# JRE version: Java(TM) SE Runtime Environment (8.0_251-b08) (build 1.8.0_251-b08)
# Java VM: Java HotSpot(TM) 64-Bit Server VM (25.251-b08 mixed mode windows-amd64 compressed oops)
# Problematic frame:
# V  [jvm.dll+0x215127]
#
# Failed to write core dump. Minidumps are not enabled by default on client versions of Windows
#
# If you would like to submit a bug report, please visit:
#   http://bugreport.java.com/bugreport/crash.jsp
#

---------------  T H R E A D  ---------------

Current thread (0x000000187de94800):  JavaThread "pool-5-thread-59647" [_thread_in_vm, id=121960, stack(0x00000018bd900000,0x00000018bda00000)]

siginfo: ExceptionCode=0xc0000005, writing address 0x00000018bd9fa260

Registers:
RAX=0x00000018bd9fa260, RBX=0x0000000000000006, RCX=0x0000000000005000, RDX=0x0000000000000006
RSP=0x00000018bd9ff260, RBP=0x0000000000000000, RSI=0x00000018bd9ff260, RDI=0x0000000000000006
R8 =0x0000000000000006, R9 =0x000000169639ee50, R10=0x000000001364e2f0, R11=0x00000018bd90a148
R12=0x000000169639ee50, R13=0x000000187de94800, R14=0x00000018bd9ff328, R15=0x000000001364e2f0
RIP=0x0000000065225127, EFLAGS=0x0000000000010206

Top of Stack: (sp=0x00000018bd9ff260)
0x00000018bd9ff260:   0000000000000000 0000000100006c48
0x00000018bd9ff270:   000000187de94800 000000169639ee50
0x00000018bd9ff280:   00000000ffffffff 0000000065226057
0x00000018bd9ff290:   00000018bd9ff390 000000001364e2f0
0x00000018bd9ff2a0:   000000187de94800 00000000650d1193
0x00000018bd9ff2b0:   00000018bd9ff2f0 000000187de94800
0x00000018bd9ff2c0:   00000018bd9ff380 000000187de94800
0x00000018bd9ff2d0:   000000001364e2f0 000000187de94800
0x00000018bd9ff2e0:   0000000002896e60 000000187de94800
0x00000018bd9ff2f0:   000000001364e2f0 000000187de94800
0x00000018bd9ff300:   000000001364e2f0 000000187de94800
0x00000018bd9ff310:   0000000000000001 000000001364e2f0
0x00000018bd9ff320:   000000187de94800 000000187d7bd5e0
0x00000018bd9ff330:   000000187de94800 00000000650d28fd
0x00000018bd9ff340:   00000018bd9ff648 0000000100006c48
0x00000018bd9ff350:   0000000100006c48 0000000000000000 

Instructions: (pc=0x0000000065225127)
0x0000000065225107:   48 89 6c 24 30 33 ed 66 90 e8 6b 5e 08 00 ff c3
0x0000000065225117:   48 63 c8 48 8b c6 48 0f af cf 48 ff c7 48 2b c1
0x0000000065225127:   89 28 48 63 c3 48 3b 05 f5 f8 59 00 7e db 48 8b
0x0000000065225137:   6c 24 30 48 8b 5c 24 38 48 8b 74 24 40 48 83 c4 


Register to memory mapping:

RAX=0x00000018bd9fa260 is pointing into the stack for thread: 0x000000187de94800
RBX=0x0000000000000006 is an unknown value
RCX=